{
  "RSpec": {
    "coverage": {
      "/Users/igormagalhaes/Desktop/turing/2mod/projects/premier_league/config/environment.rb": {
        "lines": [
          null,
          1,
          null,
          null,
          1
        ]
      },
      "/Users/igormagalhaes/Desktop/turing/2mod/projects/premier_league/config/application.rb": {
        "lines": [
          1,
          null,
          1,
          null,
          1,
          1,
          1,
          1,
          1,
          1,
          1,
          1,
          1,
          1,
          null,
          null,
          null,
          null,
          1,
          null,
          1,
          1,
          null,
          1,
          null,
          null,
          null,
          null,
          1,
          null,
          null,
          null,
          null,
          null,
          null,
          null,
          null,
          null,
          null,
          1,
          null,
          null
        ]
      },
      "/Users/igormagalhaes/Desktop/turing/2mod/projects/premier_league/config/boot.rb": {
        "lines": [
          1,
          null,
          1,
          1
        ]
      },
      "/Users/igormagalhaes/Desktop/turing/2mod/projects/premier_league/config/environments/test.rb": {
        "lines": [
          1,
          null,
          null,
          null,
          null,
          null,
          null,
          1,
          null,
          null,
          null,
          1,
          null,
          null,
          null,
          null,
          null,
          1,
          null,
          null,
          1,
          1,
          null,
          null,
          null,
          null,
          1,
          1,
          1,
          null,
          null,
          1,
          null,
          null,
          1,
          null,
          null,
          1,
          null,
          1,
          null,
          null,
          null,
          null,
          1,
          null,
          null,
          1,
          null,
          null,
          1,
          null,
          null,
          1,
          null,
          null,
          null,
          null,
          null,
          null,
          null,
          null,
          1,
          null
        ]
      },
      "/Users/igormagalhaes/Desktop/turing/2mod/projects/premier_league/config/initializers/assets.rb": {
        "lines": [
          null,
          null,
          null,
          1,
          null,
          null,
          null,
          null,
          null,
          null,
          null,
          null
        ]
      },
      "/Users/igormagalhaes/Desktop/turing/2mod/projects/premier_league/config/initializers/content_security_policy.rb": {
        "lines": [
          null,
          null,
          null,
          null,
          null,
          null,
          null,
          null,
          null,
          null,
          null,
          null,
          null,
          null,
          null,
          null,
          null,
          null,
          null,
          null,
          null,
          null,
          null,
          null,
          null
        ]
      },
      "/Users/igormagalhaes/Desktop/turing/2mod/projects/premier_league/config/initializers/filter_parameter_logging.rb": {
        "lines": [
          null,
          null,
          null,
          null,
          null,
          1,
          null,
          null
        ]
      },
      "/Users/igormagalhaes/Desktop/turing/2mod/projects/premier_league/config/initializers/inflections.rb": {
        "lines": [
          null,
          null,
          null,
          null,
          null,
          null,
          null,
          null,
          null,
          null,
          null,
          null,
          null,
          null,
          null,
          null
        ]
      },
      "/Users/igormagalhaes/Desktop/turing/2mod/projects/premier_league/config/initializers/permissions_policy.rb": {
        "lines": [
          null,
          null,
          null,
          null,
          null,
          null,
          null,
          null,
          null,
          null,
          null,
          null,
          null
        ]
      },
      "/Users/igormagalhaes/Desktop/turing/2mod/projects/premier_league/config/routes.rb": {
        "lines": [
          1,
          null,
          null,
          null,
          null,
          1,
          null,
          null,
          null,
          1,
          1,
          1,
          null
        ]
      },
      "/Users/igormagalhaes/Desktop/turing/2mod/projects/premier_league/app/helpers/application_helper.rb": {
        "lines": [
          1,
          null
        ]
      },
      "/Users/igormagalhaes/Desktop/turing/2mod/projects/premier_league/spec/features/teams/show_spec.rb": {
        "lines": [
          1,
          null,
          1,
          1,
          1,
          null,
          1,
          null,
          1,
          1,
          1,
          1,
          null,
          null
        ]
      },
      "/Users/igormagalhaes/Desktop/turing/2mod/projects/premier_league/spec/features/welcome/index_spec.rb": {
        "lines": [
          1,
          null,
          1,
          1,
          1,
          null,
          1,
          null,
          null,
          1,
          1,
          null,
          1,
          null,
          null,
          1,
          1,
          null,
          1,
          null,
          null,
          1,
          1,
          null,
          1,
          null,
          null
        ]
      },
      "/Users/igormagalhaes/Desktop/turing/2mod/projects/premier_league/spec/models/player_spec.rb": {
        "lines": [
          1,
          null,
          1,
          1,
          2,
          null,
          null
        ]
      },
      "/Users/igormagalhaes/Desktop/turing/2mod/projects/premier_league/app/models/player.rb": {
        "lines": [
          1,
          1,
          null
        ]
      },
      "/Users/igormagalhaes/Desktop/turing/2mod/projects/premier_league/app/models/application_record.rb": {
        "lines": [
          1,
          1,
          null
        ]
      },
      "/Users/igormagalhaes/Desktop/turing/2mod/projects/premier_league/spec/models/teams_spec.rb": {
        "lines": [
          1,
          null,
          1,
          1,
          2,
          null,
          null
        ]
      },
      "/Users/igormagalhaes/Desktop/turing/2mod/projects/premier_league/app/models/team.rb": {
        "lines": [
          1,
          1,
          null
        ]
      },
      "/Users/igormagalhaes/Desktop/turing/2mod/projects/premier_league/app/controllers/teams_controller.rb": {
        "lines": [
          1,
          1,
          1,
          null,
          null,
          1,
          1,
          null,
          null
        ]
      },
      "/Users/igormagalhaes/Desktop/turing/2mod/projects/premier_league/app/controllers/application_controller.rb": {
        "lines": [
          1,
          null
        ]
      },
      "/Users/igormagalhaes/Desktop/turing/2mod/projects/premier_league/app/controllers/welcome_controller.rb": {
        "lines": [
          1,
          1,
          null,
          null,
          null
        ]
      }
    },
    "timestamp": 1706750985
  }
}
